BD+002058A 272
BD+012916 505
BD+044551 777
BD+053080 569
BD+060648 142
BD+062986 537
BD+090352 596
BD+092190 348
BD+093223 607
BD+112998 598
BD+130013 010
BD+151305 230
BD+172473 439
BD+182890 516
BD+195116B 884
BD+203603 649
BD+233130 633
BD+241676 258
BD+251981 314
BD+290366 077
BD+302431 480
BD+302611 538
BD+312360 440
BD+342476 491
BD+362165 401
BD+371458 214
BD+371665 243
BD+384955 866
BD+394926 842
BD+430699 115
BD+442051A 399
BD+450983 159
BD+460610 094
BD+501021 158
BD+511696 419
BD+592723 876
BD+612575 896
BD+660268 119
BD+720094 068
BD+800245 293
BD-010306 081
BD-011792 266
BD-032525 329
BD-052678 327
BD-060855 144
BD-103166 395
BD-114126 594
BD-122669 318
BD-182065 278
CD-2415398 723
CD-2610417 520
CD-2809374 435
G004-036 095
G156-031 838
G171-010 890
HD000004 004
HD000245 008
HD000249 005
HD000319 006
HD000400 007
HD000448 009
HD000886 011
HD001326B 012
HD001461 013
HD001918 014
HD002628 015
HD002665 016
HD002796 017
HD002857 018
HD003008 019
HD003360 021
HD003369 020
HD003546 023
HD003567 022
HD003574 024
HD003651 025
HD003795 026
HD003883 027
HD004307 028
HD004395 029
HD004539 030
HD004628 031
HD004656 032
HD004744 033
HD004906 034
HD005268 035
HD005384 036
HD005395 037
HD005780 038
HD005848 048
HD005916 039
HD006186 040
HD006203 041
HD006229 043
HD006268 042
HD006474 044
HD006497 045
HD006582 046
HD006755 050
HD006805 047
HD006833 051
HD006834 049
HD007106 052
HD007351 053
HD007374 054
HD007595 055
HD007672 056
HD008724 057
HD008829 058
HD009138 059
HD009356 060
HD009408 062
HD009562 061
HD009826 063
HD009919 064
HD010307 066
HD010380 065
HD010700 067
HD010780 069
HD010975 070
HD011257 071
HD011397 072
HD011964 073
HD012014 074
HD012438 075
HD013043 076
HD013267 078
HD013520 080
HD013555 079
HD013783 082
HD014221 083
HD014802 084
HD014829 085
HD014938 086
HD015596 087
HD015798 088
HD016031 089
HD016232 091
HD016234 090
HD016673 092
HD016784 093
HD016901 096
HD017081 097
HD017361 098
HD017378 102
HD017382 100
HD017491 099
HD017548 101
HD018191 103
HD018391 104
HD018907 105
HD019373 108
HD019445 106
HD019510 107
HD019994 109
HD020041 110
HD020512 111
HD020619 112
HD020630 113
HD020893 114
HD020902 898
HD021017 116
HD021197 117
HD021581 118
HD021910 122
HD022049 120
HD022484 121
HD022879 123
HD023194 126
HD023249 124
HD023261 125
HD023439A 127
HD023439B 128
HD023607 129
HD023841 130
HD023924 131
HD024341 133
HD024421 134
HD024451 135
HD024616 132
HD025329 136
HD025532 137
HD025673 138
HD025825 901
HD026297 139
HD026322 141
HD026736 902
HD026965 145
HD027126 147
HD027295 148
HD027371 149
HD027383 904
HD027524 905
HD027561 906
HD027771 150
HD027819 151
HD027962 907
HD028305 152
HD028483 908
HD028546 909
HD028946 154
HD028978 155
HD029065 156
HD029139 157
HD029375 910
HD030034 911
HD030210 912
HD030504 161
HD030649 162
HD030676 913
HD030743 160
HD030834 165
HD030959 164
HD031128 163
HD031236 914
HD031295 166
HD031767 167
HD032147 168
HD032655 169
HD033256 170
HD033276 171
HD033608 173
HD034411 176
HD034538 174
HD035155 177
HD035179 178
HD035296 180
HD035369 179
HD035620 181
HD036003 182
HD036395 183
HD037160 184
HD037394 188
HD037536 186
HD037792 185
HD037828 187
HD037984 189
HD038007 192
HD038392 190
HD038393 191
HD038545 193
HD038656 195
HD038751 194
HD039364 196
HD039801 199
HD039833 198
HD039853 197
HD039970 200
HD040657 201
HD041117 204
HD041312 203
HD041597 209
HD041636 207
HD041692 206
HD042182 208
HD042474 210
HD042543 211
HD043042 212
HD043318 213
HD043378 217
HD043380 215
HD043947 218
HD044007 216
HD044030 219
HD044691A 221
HD044889 220
HD045282 222
HD045829 223
HD046341 224
HD046703 226
HD047205 225
HD047914 227
HD048329 228
HD048433 229
HD048565 231
HD048682 232
HD049161 233
HD049331 234
HD049933 235
HD050420 237
HD050778 236
HD051440 238
HD052005 239
HD052973 240
HD053927 241
HD054605 242
HD054719 245
HD054810 244
HD055496 246
HD055575 248
HD055693 247
HD056274 249
HD056577 250
HD057060 251
HD057061 252
HD057264 253
HD058207 254
HD058551 255
HD059374 257
HD059612 256
HD059881 260
HD059984 259
HD060179 262
HD060219 261
HD060522 264
HD061064 265
HD061603 269
HD061606 267
HD061772 268
HD061913 271
HD061935 270
HD062301 274
HD062345 273
HD062721 275
HD063302 276
HD063352 277
HD063791 281
HD064090 280
HD064332 279
HD064488 283
HD064606 282
HD065228 284
HD065583 285
HD065714 286
HD065900 288
HD065953 287
HD066141 289
HD066573 290
HD067228 292
HD067523 291
HD068284 294
HD069267 295
HD069611 296
HD069830 297
HD069897 299
HD070272 300
HD071030 301
HD072184 302
HD072324 303
HD072660 304
HD072905 306
HD073394 309
HD073471 305
HD073593 311
HD073665 308
HD073898 307
HD074000 310
HD074011 312
HD074377 316
HD074395 313
HD074442 315
HD074462 319
HD074721 317
HD075318 320
HD075691 321
HD075732 322
HD076151 323
HD076292 324
HD076780 326
HD076813 330
HD076910 328
HD076932 325
HD077236 332
HD077338 331
HD078209 336
HD078234 334
HD078541 333
HD078558 335
HD078732 338
HD078737 337
HD079211 339
HD079452 340
HD079633 342
HD079765 341
HD080390 343
HD081009 344
HD081029 345
HD081192 346
HD081797 347
HD081817 355
HD082074 349
HD082210 352
HD082590 350
HD082734 351
HD082885 353
HD083212 354
HD083425 356
HD083506 360
HD083618 357
HD083632 358
HD084441 361
HD084737 362
HD084937 363
HD085235 364
HD085503 366
HD085773 367
HD086986 368
HD087140 370
HD087141 369
HD087737 371
HD087822 372
HD088230 373
HD088446 374
HD088609 376
HD088725 375
HD088737 377
HD088986 378
HD089010 379
HD089254 380
HD089449 381
HD089484 382
HD089707 383
HD089744 384
HD089822B 386
HD089995 385
HD090508 387
HD091347 389
HD091889 390
HD092523 391
HD093329 392
HD093487 393
HD094028 394
HD095128 396
HD095578 397
HD095735 398
HD096360 400
HD097560 402
HD097633 403
HD097855 406
HD097907 404
HD097916 405
HD098468 407
HD098553 408
HD099109 409
HD099648 411
HD099747 412
HD099998 413
HD100906 414
HD101227 415
HD101501 416
HD101606 417
HD102224 418
HD102328 420
HD102634 421
HD102870 422
HD103095 423
HD103578 424
HD103877 425
HD103932 426
HD104304 428
HD104307 427
HD104833 429
HD105262 430
HD105452 431
HD105546 432
HD105740 433
HD106038 434
HD106516 436
HD107113 437
HD107213 438
HD107276 920
HD107513 921
HD108177 441
HD108564 442
HD108915 443
HD109307 922
HD109443 444
HD109871 445
HD109995 446
HD110014 447
HD110379 448
HD110885 450
HD110897 449
HD111631 452
HD111786 453
HD111980 454
HD112028 451
HD112127 455
HD112413 456
HD113022 458
HD113092 457
HD113285 459
HD114038 460
HD114330 461
HD114606 462
HD114642 464
HD114710 463
HD114946 465
HD115383 466
HD115589 467
HD115617 468
HD115659 469
HD116114 470
HD116316 471
HD116544 472
HD117176 474
HD117200 473
HD117635 475
HD117876 476
HD118055 477
HD118100 478
HD118244 479
HD119228 481
HD119288 482
HD119291 483
HD119667 484
HD120136 485
HD120933 487
HD121130 486
HD121258 490
HD121299 489
HD121370 488
HD122106 492
HD122563 493
HD122742 494
HD122956 496
HD123299 495
HD123657 497
HD123821 498
HD124186 499
HD124292 500
HD124850 502
HD124897 501
HD125184 503
HD125451 504
HD126053 507
HD126141 506
HD126218 509
HD126327 508
HD126614 511
HD126660 510
HD126681 513
HD126778 512
HD127243 514
HD127334 515
HD128167 517
HD128429 518
HD128801 519
HD128959 521
HD129174 522
HD130095 523
HD130322 524
HD130694 527
HD130705 526
HD130817 525
HD131430 528
HD131918 530
HD131976 531
HD131977 532
HD132142 529
HD132345 533
HD132475 534
HD132933 535
HD133124 536
HD134063 539
HD134083 540
HD134169 541
HD134439 543
HD134440 542
HD134987 544
HD135482 546
HD135485 548
HD135722 547
HD136064 545
HD136202 550
HD136726 549
HD136834 552
HD137071 551
HD137391 553
HD137471 555
HD137510 556
HD137704 557
HD137759 554
HD137909 558
HD138290 559
HD138481 560
HD138764 563
HD138776 562
HD139195 564
HD139446 566
HD139641 565
HD139669 561
HD140160 567
HD140283 568
HD141004 570
HD141714 571
HD141851 572
HD142373 573
HD142575 574
HD142703 577
HD142860 576
HD142908 575
HD143459 578
HD143761 579
HD143807 581
HD144172 582
HD144585 584
HD144608 585
HD144872 583
HD145148 586
HD145250 588
HD145675 587
HD145976 589
HD146051 590
HD146624 592
HD147379B 591
HD147923 593
HD148112 595
HD148513 597
HD148786 602
HD148816 599
HD148897 600
HD148898 604
HD149009 603
HD149121 605
HD149161 606
HD149382 608
HD149661 609
HD150012 610
HD150177 611
HD150275 601
HD150281 612
HD150453 613
HD151203 614
HD151217 615
HD152601 616
HD152781 617
HD153286 618
HD153882 619
HD154733 620
HD155078 623
HD155358 622
HD155763 621
HD156026 625
HD156283 624
HD157089 628
HD157214 627
HD157373 626
HD157856 631
HD157881 630
HD157910 629
HD157919 632
HD159307 635
HD159332 634
HD159482 636
HD160693 639
HD160762 638
HD160933 637
HD161074 640
HD161096 642
HD161149 641
HD161227 644
HD161695 645
HD161796 643
HD161797 646
HD161817 647
HD162211 648
HD163990 651
HD163993 652
HD164058 650
HD164136 653
HD164349 654
HD164353 655
HD164432 656
HD164975 658
HD165195 657
HD165341 659
HD165438 660
HD165634 663
HD165908 661
HD166161 665
HD166208 662
HD166285 666
HD166460 667
HD166620 664
HD167006 669
HD167105 668
HD167665 673
HD167768 670
HD168322 672
HD168608 676
HD168720 674
HD168723 675
HD169027 671
HD169985 678
HD170693 677
HD170737 679
HD170764 938
HD170820 939
HD171391 681
HD171443 682
HD171496 683
HD171999 684
HD172103 686
HD172365 687
HD172380 685
HD172816 691
HD172958 688
HD173093 692
HD173524 689
HD173648 693
HD173650 694
HD173667 695
HD173740 690
HD173819 697
HD174567 698
HD174704 702
HD174912 699
HD174959 701
HD175225 700
HD175305 696
HD175535 703
HD175588 704
HD175640 706
HD175865 705
HD175892 708
HD176232 710
HD176301 709
HD176437 711
HD177463 712
HD178089 707
HD179761 714
HD180163 715
HD180711 713
HD180928 717
HD181096 716
HD181470 718
HD182293 719
HD182572 721
HD183324 722
HD184406 728
HD184499 726
HD184786 727
HD185144 724
HD185351 729
HD185657 730
HD185859 732
HD186408 733
HD186427 734
HD187111 736
HD187216 720
HD187691 738
HD187879 737
HD187921 739
HD188041 740
HD188119 735
HD188510 742
HD188512 743
HD188650 741
HD188727 744
HD188947 745
HD189005 746
HD189558 747
HD189849 748
HD190178 752
HD190360 749
HD190390 753
HD190404 750
HD190603 751
HD191026 754
HD191046 755
HD192577 758
HD192640 759
HD192907 756
HD192909 760
HD193281 761
HD194598 762
HD194943 763
HD195633 765
HD195838 766
HD196502 764
HD196544 767
HD196755 768
HD197177 769
HD197461 771
HD197572 770
HD197964 774
HD197989 773
HD198001 776
HD198149 772
HD198183 775
HD198478 778
HD199191 779
HD199478 780
HD199799 781
HD200527 782
HD200580 783
HD200779 785
HD200790 786
HD200905 784
HD201078 787
HD201091 788
HD201601 789
HD201889 791
HD201891 790
HD202109 792
HD202447 793
HD202671 794
HD203638 795
HD204041 796
HD204075 797
HD204155 798
HD204381 801
HD204543 803
HD204587 804
HD204613 799
HD204754 802
HD205021 800
HD205153 806
HD205435 805
HD205512 807
HD206078 808
HD206165 809
HD206453 811
HD206778 814
HD206826 813
HD206952 810
HD207076 816
HD207130 812
HD207222 818
HD207260 815
HD207330 817
HD207673 819
HD208501 820
HD208906 821
HD209369 822
HD209459 823
HD209975 824
HD210295 825
HD210424 826
HD210595 828
HD210705 829
HD210745 827
HD211075 830
HD212454 831
HD212943 832
HD213042 835
HD213119 833
HD213307 834
HD213470 836
HD214080 837
HD214567 839
HD214714 840
HD214994 841
HD215648 843
HD216131 846
HD216143 847
HD216174 845
HD216219 848
HD216228 844
HD216385 849
HD216640 851
HD216831 852
HD216916 853
HD217014 854
HD217107 855
HD217382 850
HD217754 856
HD218031 857
HD218235 858
HD218329 859
HD218502 860
HD218640 861
HD218804 862
HD218857 863
HD219116 865
HD219134 864
HD219449 867
HD219615 870
HD219617 869
HD219623 868
HD219734 871
HD219916 872
HD219978 873
HD220009 874
HD220575 875
HD220825 877
HD220933 878
HD220954 879
HD221148 881
HD221170 880
HD221345 882
HD221377 883
HD221756 885
HD221830 886
HD222368 888
HD222404 887
HD222451 889
HD223047 891
HD223385 892
HD223524 893
HD223640 894
HD224458 895
HD224930 001
HD225212 002
HD225239 003
HD232078 731
HD233511 298
HD233666 359
HD233832 410
HD234677 680
HD237846 365
HD237903 388
HD250792 202
HD251611 205
HD281679 140
HD284248 143
HD284253 903
HD285690 146
HD285773 153
HD293857 172
HD338529 725
HD345957 757
LHS1930 263
M13-A-171 934
M13-B-786 935
M3-398 925
M3-III-28 924
M3-IV-25 923
M4-LEE-2303 933
M5-II-51 927
M5-II-53 929
M5-II-76 928
M5-III-03 926
M5-IV-19 930
M5-IV-86 931
M5-IV-87 932
M67-F-108 919
M71-1-09 961
M71-1-107 947
M71-1-109 945
M71-1-21 958
M71-1-34 963
M71-1-37 959
M71-1-39 962
M71-1-41 960
M71-1-53 964
M71-1-63 957
M71-1-64 956
M71-1-65 955
M71-1-66 954
M71-1-71 951
M71-1-73 949
M71-1-75 948
M71-1-77 967
M71-1-78 968
M71-1-87 953
M71-1-95 946
M71-A2 966
M71-A9 944
M71-I 971
M71-KC-147 950
M71-KC-169 965
M71-KC-263 952
M71-S 969
M71-X 970
M79-153 915
M79-160 916
M79-223 917
M92-III-13 937
M92-IV-114 936
MS0515.4-0710 175
MS1558.4-2232 580
Mel-22-0296 899
Mel-22-2462 900
NGC2420-140 918
NGC288-77 897
NGC6791-R16 942
NGC6791-R19 943
NGC6791-R4 940
NGC6791-R5 941
NGC7789-329 972
NGC7789-342 974
NGC7789-353 975
NGC7789-415 976
NGC7789-461 977
NGC7789-468 973
NGC7789-501 978
NGC7789-575 979
NGC7789-637 980
NGC7789-765 981
NGC7789-859 982
NGC7789-875 983
NGC7789-897 984
NGC7789-971 985
